CRITICAL - 2025-02-14 08:36:46 --> CodeIgniter\View\Exceptions\ViewException: Invalid file: "product/sfaclm.php"
[Method: GET, Route: product/sfaclm]
in SYSTEMPATH\Exceptions\FrameworkException.php on line 39.
 1 SYSTEMPATH\View\View.php(212): CodeIgniter\Exceptions\FrameworkException::forInvalidFile('product/sfaclm.php')
 2 SYSTEMPATH\Common.php(1173): CodeIgniter\View\View->render('product/sfaclm', [], true)
 3 APPPATH\Controllers\Product.php(9): view('product/sfaclm')
 4 SYSTEMPATH\CodeIgniter.php(933): App\Controllers\Product->sfaclm()
 5 SYSTEMPATH\CodeIgniter.php(507): CodeIgniter\CodeIgniter->runController(Object(App\Controllers\Product))
 6 SYSTEMPATH\CodeIgniter.php(354): CodeIgniter\CodeIgniter->handleRequest(null, Object(Config\Cache), false)
 7 SYSTEMPATH\Boot.php(334): CodeIgniter\CodeIgniter->run()
 8 SYSTEMPATH\Boot.php(67): CodeIgniter\Boot::runCodeIgniter(Object(CodeIgniter\CodeIgniter))
 9 FCPATH\index.php(56): CodeIgniter\Boot::bootWeb(Object(Config\Paths))
CRITICAL - 2025-02-14 08:37:04 --> CodeIgniter\View\Exceptions\ViewException: Invalid file: "product\sfaclm.php"
[Method: GET, Route: product/sfaclm]
in SYSTEMPATH\Exceptions\FrameworkException.php on line 39.
 1 SYSTEMPATH\View\View.php(212): CodeIgniter\Exceptions\FrameworkException::forInvalidFile('product\\sfaclm.php')
 2 SYSTEMPATH\Common.php(1173): CodeIgniter\View\View->render('product\\sfaclm', [], true)
 3 APPPATH\Controllers\Product.php(9): view('product\\sfaclm')
 4 SYSTEMPATH\CodeIgniter.php(933): App\Controllers\Product->sfaclm()
 5 SYSTEMPATH\CodeIgniter.php(507): CodeIgniter\CodeIgniter->runController(Object(App\Controllers\Product))
 6 SYSTEMPATH\CodeIgniter.php(354): CodeIgniter\CodeIgniter->handleRequest(null, Object(Config\Cache), false)
 7 SYSTEMPATH\Boot.php(334): CodeIgniter\CodeIgniter->run()
 8 SYSTEMPATH\Boot.php(67): CodeIgniter\Boot::runCodeIgniter(Object(CodeIgniter\CodeIgniter))
 9 FCPATH\index.php(56): CodeIgniter\Boot::bootWeb(Object(Config\Paths))
